1651059286891	geckodriver	INFO	Listening on 127.0.0.1:34273
1651059286906	mozrunner::runner	INFO	Running command: "/usr/bin/firefox" "--marionette" "-no-remote" "-profile" "/tmp/rust_mozprofilebJ3Pdx"
1651059287486	Marionette	INFO	Marionette enabled
console.warn: SearchSettings: "get: No settings file exists, new profile?" (new NotFoundError("Could not open the file at /tmp/rust_mozprofilebJ3Pdx/search.json.mozlz4", (void 0)))
1651059288606	Marionette	INFO	Listening on port 44397
1651059288631	RemoteAgent	WARN	TLS certificate errors will be ignored for this session
JavaScript warning: https://pagead2.googlesyndication.com/bg/d_XgMe7_8DX3JscHlpumBxzOcHqlAtWKp75Cu0r3_I4.js line 1 > eval line 4271 > eval line 1 > eval line 1 > eval, line 1: WEBGL_debug_renderer_info is deprecated in Firefox and will be removed. Please use RENDERER.
JavaScript warning: https://pagead2.googlesyndication.com/bg/d_XgMe7_8DX3JscHlpumBxzOcHqlAtWKp75Cu0r3_I4.js line 1 > eval line 6410 > eval line 1 > eval line 1 > eval, line 1: WEBGL_debug_renderer_info is deprecated in Firefox and will be removed. Please use RENDERER.
1651059296561	Marionette	INFO	Stopped listening on port 44397
JavaScript error: , line 0: TypeError: NetworkError when attempting to fetch resource.
JavaScript error: , line 0: TypeError: NetworkError when attempting to fetch resource.

###!!! [Child][PContentChild] Error: RunMessage(msgname=PHttpChannel::Msg_DeleteSelf) Channel closing: too late to send/recv, messages will be lost


###!!! [Child][PContentChild] Error: RunMessage(msgname=PContent::Msg_DestroyBrowsingContextGroup) Channel closing: too late to send/recv, messages will be lost


###!!! [Child][PContentChild] Error: RunMessage(msgname=PHttpChannel::Msg_DeleteSelf) Channel closing: too late to send/recv, messages will be lost

JavaScript error: chrome://remote/content/marionette/cert.js, line 55: NS_ERROR_NOT_AVAILABLE: Component returned failure code: 0x80040111 (NS_ERROR_NOT_AVAILABLE) [nsICertOverrideService.setDisableAllSecurityChecksAndLetAttackersInterceptMyData]
1651059296884	geckodriver::marionette	ERROR	Failed to close browser connection: Socket not connected (os error 107)

###!!! [Parent][PImageBridgeParent] Error: RunMessage(msgname=PImageBridge::Msg_WillClose) Channel closing: too late to send/recv, messages will be lost

1656505546840	geckodriver	INFO	Listening on 127.0.0.1:46735
1656505547353	mozrunner::runner	INFO	Running command: "/usr/bin/firefox" "--marionette" "--remote-debugging-port" "47793" "-no-remote" "-profile" "/tmp/rust_mozprofileSCGo7t"
1656505548012	Marionette	INFO	Marionette enabled
WebDriver BiDi listening on ws://localhost:47793
console.warn: SearchSettings: "get: No settings file exists, new profile?" (new NotFoundError("Could not open the file at /tmp/rust_mozprofileSCGo7t/search.json.mozlz4", (void 0)))
Missing chrome or resource URL: resource://gre/modules/UpdateListener.jsm
1656505549150	Marionette	INFO	Listening on port 44307
1656505549186	RemoteAgent	WARN	TLS certificate errors will be ignored for this session
DevTools listening on ws://localhost:47793/devtools/browser/b2c98bad-fdc8-4dd8-8589-018a20d0b593
1656505553036	Marionette	WARN	Ignoring event 'pageshow' because document has an invalid readyState of 'uninitialized'.
Missing chrome or resource URL: resource://gre/modules/UpdateListener.jsm
console.error: "Error during quit-application-granted: [Exception... \"File error: Not found\"  nsresult: \"0x80520012 (NS_ERROR_FILE_NOT_FOUND)\"  location: \"JS frame :: resource:///modules/BrowserGlue.jsm :: _onQuitApplicationGranted/tasks< :: line 1969\"  data: no]"
1656505554790	Marionette	INFO	Stopped listening on port 44307
JavaScript error: , line 0: TypeError: NetworkError when attempting to fetch resource.
JavaScript error: , line 0: TypeError: NetworkError when attempting to fetch resource.
JavaScript error: , line 0: TypeError: NetworkError when attempting to fetch resource.
console.warn: TopSitesFeed: Failed to fetch data from Contile server: NetworkError when attempting to fetch resource.

###!!! [Parent][PImageBridgeParent] Error: RunMessage(msgname=PImageBridge::Msg_WillClose) Channel closing: too late to send/recv, messages will be lost

1656505556661	geckodriver::marionette	ERROR	Failed to close browser connection: Socket not connected (os error 107)
1664172086516	geckodriver	INFO	Listening on 127.0.0.1:37563
1664172087013	mozrunner::runner	INFO	Running command: "/usr/bin/firefox" "--marionette" "--remote-debugging-port" "48439" "-no-remote" "-profile" "/tmp/rust_mozprofiletzXQ2L"
1664172088218	Marionette	INFO	Marionette enabled
1664172088223	Marionette	INFO	Listening on port 44717
WebDriver BiDi listening on ws://localhost:48439
1664172088396	RemoteAgent	WARN	TLS certificate errors will be ignored for this session
console.warn: SearchSettings: "get: No settings file exists, new profile?" (new NotFoundError("Could not open the file at /tmp/rust_mozprofiletzXQ2L/search.json.mozlz4", (void 0)))
Missing chrome or resource URL: resource://gre/modules/UpdateListener.sys.mjs
DevTools listening on ws://localhost:48439/devtools/browser/33886467-ec04-439e-ba87-caf2c74edce5
JavaScript warning: https://pagead2.googlesyndication.com/bg/EiKF25-Ew8QnV9WFt1cB1UkyXxUODWVwE4mmpr-jolo.js line 2 > eval line 7650 > eval line 1 > eval line 1 > eval, line 1: WEBGL_debug_renderer_info is deprecated in Firefox and will be removed. Please use RENDERER.
JavaScript warning: https://pagead2.googlesyndication.com/bg/EiKF25-Ew8QnV9WFt1cB1UkyXxUODWVwE4mmpr-jolo.js line 2 > eval line 742 > eval line 1 > eval line 1 > eval, line 1: WEBGL_debug_renderer_info is deprecated in Firefox and will be removed. Please use RENDERER.
1664172096680	Marionette	WARN	Ignoring event 'DOMContentLoaded' because document has an invalid readyState of 'complete'.
JavaScript error: , line 0: TypeError: NetworkError when attempting to fetch resource.
JavaScript warning: https://pagead2.googlesyndication.com/bg/EiKF25-Ew8QnV9WFt1cB1UkyXxUODWVwE4mmpr-jolo.js line 2 > eval line 7656 > eval line 1 > eval line 1 > eval, line 1: WEBGL_debug_renderer_info is deprecated in Firefox and will be removed. Please use RENDERER.
JavaScript warning: https://pagead2.googlesyndication.com/bg/EiKF25-Ew8QnV9WFt1cB1UkyXxUODWVwE4mmpr-jolo.js line 2 > eval line 3943 > eval line 1 > eval line 1 > eval, line 1: WEBGL_debug_renderer_info is deprecated in Firefox and will be removed. Please use RENDERER.
JavaScript warning: https://pagead2.googlesyndication.com/bg/EiKF25-Ew8QnV9WFt1cB1UkyXxUODWVwE4mmpr-jolo.js line 2 > eval line 3037 > eval line 1 > eval line 1 > eval, line 1: WEBGL_debug_renderer_info is deprecated in Firefox and will be removed. Please use RENDERER.
JavaScript error: , line 0: uncaught exception: 7
JavaScript warning: https://pagead2.googlesyndication.com/bg/EiKF25-Ew8QnV9WFt1cB1UkyXxUODWVwE4mmpr-jolo.js line 2 > eval line 5159 > eval line 1 > eval line 1 > eval, line 1: WEBGL_debug_renderer_info is deprecated in Firefox and will be removed. Please use RENDERER.
JavaScript error: , line 0: TypeError: NetworkError when attempting to fetch resource.
JavaScript error: , line 0: uncaught exception: undefined
JavaScript warning: https://pagead2.googlesyndication.com/bg/EiKF25-Ew8QnV9WFt1cB1UkyXxUODWVwE4mmpr-jolo.js line 2 > eval line 1767 > eval line 1 > eval line 1 > eval, line 1: WEBGL_debug_renderer_info is deprecated in Firefox and will be removed. Please use RENDERER.
1664172112496	Marionette	WARN	Ignoring event 'DOMContentLoaded' because document has an invalid readyState of 'complete'.
JavaScript error: , line 0: TypeError: NetworkError when attempting to fetch resource.
JavaScript error: , line 0: TypeError: NetworkError when attempting to fetch resource.
JavaScript error: , line 0: TypeError: NetworkError when attempting to fetch resource.
JavaScript warning: https://pagead2.googlesyndication.com/bg/EiKF25-Ew8QnV9WFt1cB1UkyXxUODWVwE4mmpr-jolo.js line 2 > eval line 1602 > eval line 1 > eval line 1 > eval, line 1: WEBGL_debug_renderer_info is deprecated in Firefox and will be removed. Please use RENDERER.
1664172115641	Marionette	WARN	Ignoring event 'DOMContentLoaded' because document has an invalid readyState of 'complete'.
JavaScript error: , line 0: TypeError: NetworkError when attempting to fetch resource.
JavaScript error: , line 0: uncaught exception: 7
JavaScript warning: https://pagead2.googlesyndication.com/bg/EiKF25-Ew8QnV9WFt1cB1UkyXxUODWVwE4mmpr-jolo.js line 2 > eval line 3129 > eval line 1 > eval line 1 > eval, line 1: WEBGL_debug_renderer_info is deprecated in Firefox and will be removed. Please use RENDERER.
JavaScript warning: https://pagead2.googlesyndication.com/bg/EiKF25-Ew8QnV9WFt1cB1UkyXxUODWVwE4mmpr-jolo.js line 2 > eval line 4245 > eval line 1 > eval line 1 > eval, line 1: WEBGL_debug_renderer_info is deprecated in Firefox and will be removed. Please use RENDERER.
JavaScript warning: https://pagead2.googlesyndication.com/bg/EiKF25-Ew8QnV9WFt1cB1UkyXxUODWVwE4mmpr-jolo.js line 2 > eval line 7311 > eval line 1 > eval line 1 > eval, line 1: WEBGL_debug_renderer_info is deprecated in Firefox and will be removed. Please use RENDERER.
1664172122042	Marionette	INFO	Stopped listening on port 44717
Missing chrome or resource URL: resource://gre/modules/UpdateListener.sys.mjs
console.error: "Error during quit-application-granted: [Exception... \"File error: Not found\"  nsresult: \"0x80520012 (NS_ERROR_FILE_NOT_FOUND)\"  location: \"JS frame :: resource:///modules/BrowserGlue.jsm :: _onQuitApplicationGranted/tasks< :: line 2013\"  data: no]"
JavaScript error: , line 0: TypeError: NetworkError when attempting to fetch resource.
JavaScript error: , line 0: TypeError: NetworkError when attempting to fetch resource.
